Analysis & Synthesis report for Microprocessador
Fri Nov 04 23:52:55 2016
Quartus Prime Version 16.0.0 Build 211 04/27/2016 SJ Lite Edition


---------------------
; Table of Contents ;
---------------------
  1. Legal Notice
  2. Analysis & Synthesis Summary
  3. Analysis & Synthesis Settings
  4. Parallel Compilation
  5. Analysis & Synthesis Messages



----------------
; Legal Notice ;
----------------
Copyright (C) 1991-2016 Altera Corporation. All rights reserved.
Your use of Altera Corporation's design tools, logic functions 
and other software and tools, and its AMPP partner logic 
functions, and any output files from any of the foregoing 
(including device programming or simulation files), and any 
associated documentation or information are expressly subject 
to the terms and conditions of the Altera Program License 
Subscription Agreement, the Altera Quartus Prime License Agreement,
the Altera MegaCore Function License Agreement, or other 
applicable license agreement, including, without limitation, 
that your use is for the sole purpose of programming logic 
devices manufactured by Altera and sold by Altera or its 
authorized distributors.  Please refer to the applicable 
agreement for further details.



+----------------------------------------------------------------------------------+
; Analysis & Synthesis Summary                                                     ;
+------------------------------------+---------------------------------------------+
; Analysis & Synthesis Status        ; Failed - Fri Nov 04 23:52:55 2016           ;
; Quartus Prime Version              ; 16.0.0 Build 211 04/27/2016 SJ Lite Edition ;
; Revision Name                      ; Microprocessador                            ;
; Top-level Entity Name              ; Microprocessador                            ;
; Family                             ; Cyclone IV E                                ;
; Total logic elements               ; N/A until Partition Merge                   ;
;     Total combinational functions  ; N/A until Partition Merge                   ;
;     Dedicated logic registers      ; N/A until Partition Merge                   ;
; Total registers                    ; N/A until Partition Merge                   ;
; Total pins                         ; N/A until Partition Merge                   ;
; Total virtual pins                 ; N/A until Partition Merge                   ;
; Total memory bits                  ; N/A until Partition Merge                   ;
; Embedded Multiplier 9-bit elements ; N/A until Partition Merge                   ;
; Total PLLs                         ; N/A until Partition Merge                   ;
+------------------------------------+---------------------------------------------+


+----------------------------------------------------------------------------------------------------------------------+
; Analysis & Synthesis Settings                                                                                        ;
+----------------------------------------------------------------------------+--------------------+--------------------+
; Option                                                                     ; Setting            ; Default Value      ;
+----------------------------------------------------------------------------+--------------------+--------------------+
; Device                                                                     ; EP4CE6E22A7        ;                    ;
; Top-level entity name                                                      ; Microprocessador   ; Microprocessador   ;
; Family name                                                                ; Cyclone IV E       ; Cyclone V          ;
; Use smart compilation                                                      ; Off                ; Off                ;
; Enable parallel Assembler and TimeQuest Timing Analyzer during compilation ; On                 ; On                 ;
; Enable compact report table                                                ; Off                ; Off                ;
; Restructure Multiplexers                                                   ; Auto               ; Auto               ;
; Create Debugging Nodes for IP Cores                                        ; Off                ; Off                ;
; Preserve fewer node names                                                  ; On                 ; On                 ;
; Disable OpenCore Plus hardware evaluation                                  ; Off                ; Off                ;
; Verilog Version                                                            ; Verilog_2001       ; Verilog_2001       ;
; VHDL Version                                                               ; VHDL_1993          ; VHDL_1993          ;
; State Machine Processing                                                   ; Auto               ; Auto               ;
; Safe State Machine                                                         ; Off                ; Off                ;
; Extract Verilog State Machines                                             ; On                 ; On                 ;
; Extract VHDL State Machines                                                ; On                 ; On                 ;
; Ignore Verilog initial constructs                                          ; Off                ; Off                ;
; Iteration limit for constant Verilog loops                                 ; 5000               ; 5000               ;
; Iteration limit for non-constant Verilog loops                             ; 250                ; 250                ;
; Add Pass-Through Logic to Inferred RAMs                                    ; On                 ; On                 ;
; Infer RAMs from Raw Logic                                                  ; On                 ; On                 ;
; Parallel Synthesis                                                         ; On                 ; On                 ;
; DSP Block Balancing                                                        ; Auto               ; Auto               ;
; NOT Gate Push-Back                                                         ; On                 ; On                 ;
; Power-Up Don't Care                                                        ; On                 ; On                 ;
; Remove Redundant Logic Cells                                               ; Off                ; Off                ;
; Remove Duplicate Registers                                                 ; On                 ; On                 ;
; Ignore CARRY Buffers                                                       ; Off                ; Off                ;
; Ignore CASCADE Buffers                                                     ; Off                ; Off                ;
; Ignore GLOBAL Buffers                                                      ; Off                ; Off                ;
; Ignore ROW GLOBAL Buffers                                                  ; Off                ; Off                ;
; Ignore LCELL Buffers                                                       ; Off                ; Off                ;
; Ignore SOFT Buffers                                                        ; On                 ; On                 ;
; Limit AHDL Integers to 32 Bits                                             ; Off                ; Off                ;
; Optimization Technique                                                     ; Balanced           ; Balanced           ;
; Carry Chain Length                                                         ; 70                 ; 70                 ;
; Auto Carry Chains                                                          ; On                 ; On                 ;
; Auto Open-Drain Pins                                                       ; On                 ; On                 ;
; Perform WYSIWYG Primitive Resynthesis                                      ; Off                ; Off                ;
; Auto ROM Replacement                                                       ; On                 ; On                 ;
; Auto RAM Replacement                                                       ; On                 ; On                 ;
; Auto DSP Block Replacement                                                 ; On                 ; On                 ;
; Auto Shift Register Replacement                                            ; Auto               ; Auto               ;
; Allow Shift Register Merging across Hierarchies                            ; Auto               ; Auto               ;
; Auto Clock Enable Replacement                                              ; On                 ; On                 ;
; Strict RAM Replacement                                                     ; Off                ; Off                ;
; Allow Synchronous Control Signals                                          ; On                 ; On                 ;
; Force Use of Synchronous Clear Signals                                     ; Off                ; Off                ;
; Auto RAM Block Balancing                                                   ; On                 ; On                 ;
; Auto RAM to Logic Cell Conversion                                          ; Off                ; Off                ;
; Auto Resource Sharing                                                      ; Off                ; Off                ;
; Allow Any RAM Size For Recognition                                         ; Off                ; Off                ;
; Allow Any ROM Size For Recognition                                         ; Off                ; Off                ;
; Allow Any Shift Register Size For Recognition                              ; Off                ; Off                ;
; Use LogicLock Constraints during Resource Balancing                        ; On                 ; On                 ;
; Ignore translate_off and synthesis_off directives                          ; Off                ; Off                ;
; Timing-Driven Synthesis                                                    ; On                 ; On                 ;
; Report Parameter Settings                                                  ; On                 ; On                 ;
; Report Source Assignments                                                  ; On                 ; On                 ;
; Report Connectivity Checks                                                 ; On                 ; On                 ;
; Ignore Maximum Fan-Out Assignments                                         ; Off                ; Off                ;
; Synchronization Register Chain Length                                      ; 2                  ; 2                  ;
; PowerPlay Power Optimization During Synthesis                              ; Normal compilation ; Normal compilation ;
; HDL message level                                                          ; Level2             ; Level2             ;
; Suppress Register Optimization Related Messages                            ; Off                ; Off                ;
; Number of Removed Registers Reported in Synthesis Report                   ; 5000               ; 5000               ;
; Number of Swept Nodes Reported in Synthesis Report                         ; 5000               ; 5000               ;
; Number of Inverted Registers Reported in Synthesis Report                  ; 100                ; 100                ;
; Clock MUX Protection                                                       ; On                 ; On                 ;
; Auto Gated Clock Conversion                                                ; Off                ; Off                ;
; Block Design Naming                                                        ; Auto               ; Auto               ;
; SDC constraint protection                                                  ; Off                ; Off                ;
; Synthesis Effort                                                           ; Auto               ; Auto               ;
; Shift Register Replacement - Allow Asynchronous Clear Signal               ; On                 ; On                 ;
; Pre-Mapping Resynthesis Optimization                                       ; Off                ; Off                ;
; Analysis & Synthesis Message Level                                         ; Medium             ; Medium             ;
; Disable Register Merging Across Hierarchies                                ; Auto               ; Auto               ;
; Resource Aware Inference For Block RAM                                     ; On                 ; On                 ;
; Synthesis Seed                                                             ; 1                  ; 1                  ;
+----------------------------------------------------------------------------+--------------------+--------------------+


+------------------------------------------+
; Parallel Compilation                     ;
+----------------------------+-------------+
; Processors                 ; Number      ;
+----------------------------+-------------+
; Number detected on machine ; 2           ;
; Maximum allowed            ; 2           ;
;                            ;             ;
; Average used               ; 1.00        ;
; Maximum used               ; 1           ;
;                            ;             ;
; Usage by Processor         ; % Time Used ;
;     Processor 1            ; 100.0%      ;
+----------------------------+-------------+


+-------------------------------+
; Analysis & Synthesis Messages ;
+-------------------------------+
Info: *******************************************************************
Info: Running Quartus Prime Analysis & Synthesis
    Info: Version 16.0.0 Build 211 04/27/2016 SJ Lite Edition
    Info: Processing started: Fri Nov 04 23:52:44 2016
Info: Command: quartus_map --read_settings_files=on --write_settings_files=off Microprocessador -c Microprocessador
Warning (18236): Number of processors has not been specified which may cause overloading on shared machines.  Set the global assignment NUM_PARALLEL_PROCESSORS in your QSF to an appropriate value for best performance.
Info (20030): Parallel compilation is enabled and will use 2 of the 2 processors detected
Info (12021): Found 1 design units, including 1 entities, in source file somadorsubtrator/subtratorcompleto.bdf
    Info (12023): Found entity 1: SubtratorCompleto
Info (12021): Found 1 design units, including 1 entities, in source file somadorsubtrator/subtrator8bits.bdf
    Info (12023): Found entity 1: Subtrator8Bits
Info (12021): Found 1 design units, including 1 entities, in source file somadorsubtrator/somadorsubtrator.bdf
    Info (12023): Found entity 1: SomadorSubtrator
Info (12021): Found 1 design units, including 1 entities, in source file somadorsubtrator/somadorcompleto.bdf
    Info (12023): Found entity 1: SomadorCompleto
Info (12021): Found 1 design units, including 1 entities, in source file somadorsubtrator/somador8bits.bdf
    Info (12023): Found entity 1: Somador8Bits
Info (12021): Found 1 design units, including 1 entities, in source file somadorsubtrator/meiosubtrator.bdf
    Info (12023): Found entity 1: MeioSubtrator
Info (12021): Found 1 design units, including 1 entities, in source file somadorsubtrator/meiosomador.bdf
    Info (12023): Found entity 1: MeioSomador
Info (12021): Found 1 design units, including 1 entities, in source file rom/rom.bdf
    Info (12023): Found entity 1: Rom
Info (12021): Found 2 design units, including 2 entities, in source file rom/memoriarom_syn.v
    Info (12023): Found entity 1: MemoriaROM_altsyncram File: C:/Users/israe/OneDrive/Documentos/GitHub/Israel_uC_PEM/ROM/MemoriaROM_syn.v Line: 48
    Info (12023): Found entity 2: MemoriaROM File: C:/Users/israe/OneDrive/Documentos/GitHub/Israel_uC_PEM/ROM/MemoriaROM_syn.v Line: 548
Error (10170): Verilog HDL syntax error at MemoriaROM_inst.v(1) near text: "(";  expecting ";". Check for and fix any syntax errors that appear immediately before or at the specified keyword. The Altera Knowledge Database contains many articles with specific details on how to resolve this error. Visit the Knowledge Database at https://www.altera.com/support/support-resources/knowledge-base/search.html and search for this specific error message number. File: C:/Users/israe/OneDrive/Documentos/GitHub/Israel_uC_PEM/ROM/MemoriaROM_inst.v Line: 1
Error (10839): Verilog HDL error at MemoriaROM_inst.v(1): declaring global objects is a SystemVerilog feature File: C:/Users/israe/OneDrive/Documentos/GitHub/Israel_uC_PEM/ROM/MemoriaROM_inst.v Line: 1
Info (12021): Found 0 design units, including 0 entities, in source file rom/memoriarom_inst.v
Error (10228): Verilog HDL error at MemoriaROM_bb.v(35): module "MemoriaROM" cannot be declared more than once File: C:/Users/israe/OneDrive/Documentos/GitHub/Israel_uC_PEM/ROM/MemoriaROM_bb.v Line: 35
Info (10499): HDL info at MemoriaROM_syn.v(548): see declaration for object "MemoriaROM" File: C:/Users/israe/OneDrive/Documentos/GitHub/Israel_uC_PEM/ROM/MemoriaROM_syn.v Line: 548
Info (12021): Found 0 design units, including 0 entities, in source file rom/memoriarom_bb.v
Error (10228): Verilog HDL error at MemoriaROM.v(40): module "MemoriaROM" cannot be declared more than once File: C:/Users/israe/OneDrive/Documentos/GitHub/Israel_uC_PEM/ROM/MemoriaROM.v Line: 40
Info (10499): HDL info at MemoriaROM_syn.v(548): see declaration for object "MemoriaROM" File: C:/Users/israe/OneDrive/Documentos/GitHub/Israel_uC_PEM/ROM/MemoriaROM_syn.v Line: 548
Info (12021): Found 0 design units, including 0 entities, in source file rom/memoriarom.v
Info (12021): Found 1 design units, including 1 entities, in source file rem/rem.bdf
    Info (12023): Found entity 1: REM
Info (12021): Found 1 design units, including 1 entities, in source file registradorsaida/registradorsaida.bdf
    Info (12023): Found entity 1: RegistradorSaida
Info (12021): Found 1 design units, including 1 entities, in source file registradorinstrucoes/registradorinstrucoes.bdf
    Info (12023): Found entity 1: RegistradorInstrucoes
Info (12021): Found 1 design units, including 1 entities, in source file registradorb/registradorb.bdf
    Info (12023): Found entity 1: RegistradorB
Info (12021): Found 1 design units, including 1 entities, in source file controlador/controlador.bdf
    Info (12023): Found entity 1: Controlador
Info (12021): Found 1 design units, including 1 entities, in source file controlador/decididor/decididor.bdf
    Info (12023): Found entity 1: Decididor
Info (12021): Found 1 design units, including 1 entities, in source file controlador/contadoranel/contadoranel.bdf
    Info (12023): Found entity 1: ContadorAnel
Warning (12090): Entity "MUX" obtained from "controlador/CicloExecucao/MUX.bdf" instead of from Quartus Prime megafunction library
Info (12021): Found 1 design units, including 1 entities, in source file controlador/cicloexecucao/mux.bdf
    Info (12023): Found entity 1: MUX
Info (12021): Found 1 design units, including 1 entities, in source file controlador/cicloexecucao/cicloexecucao.bdf
    Info (12023): Found entity 1: CicloExecucao
Info (12021): Found 1 design units, including 1 entities, in source file controlador/ciclobusca/ciclobusca.bdf
    Info (12023): Found entity 1: CicloBusca
Info (12021): Found 1 design units, including 1 entities, in source file flipflopjk/flipflopjk.bdf
    Info (12023): Found entity 1: FlipFlopJK
Info (12021): Found 1 design units, including 1 entities, in source file flipflopd/flipflopd.bdf
    Info (12023): Found entity 1: FlipFlopD
Info (12021): Found 1 design units, including 1 entities, in source file contadorprograma/contadorprograma.bdf
    Info (12023): Found entity 1: ContadorPrograma
Info (12021): Found 1 design units, including 1 entities, in source file acumulador/acumulador.bdf
    Info (12023): Found entity 1: Acumulador
Info (12021): Found 1 design units, including 1 entities, in source file microprocessador.bdf
    Info (12023): Found entity 1: Microprocessador
Error: Quartus Prime Analysis & Synthesis was unsuccessful. 4 errors, 2 warnings
    Error: Peak virtual memory: 813 megabytes
    Error: Processing ended: Fri Nov 04 23:52:56 2016
    Error: Elapsed time: 00:00:12
    Error: Total CPU time (on all processors): 00:00:17


